Started GET "/" for 127.0.0.1 at 2024-03-13 10:43:23 -0600
  [1m[35m (1.0ms)[0m  [1m[35mCREATE TABLE "schema_migrations" ("version" varchar NOT NULL PRIMARY KEY)[0m
  [1m[35m (0.3ms)[0m  [1m[35mCREATE TABLE "ar_internal_metadata" ("key" varchar NOT NULL PRIMARY KEY, "value" varchar, "created_at" datetime(6) NOT NULL, "updated_at" datetime(6) NOT NULL)[0m
  [1m[36mActiveRecord::SchemaMigration Load (0.1ms)[0m  [1m[34mSELECT "schema_migrations"."version" FROM "schema_migrations" ORDER BY "schema_migrations"."version" ASC[0m
Processing by Rails::WelcomeController#index as HTML
  Rendering /Users/chriswinkler/.rvm/rubies/ruby-3.3.0/lib/ruby/gems/3.3.0/gems/railties-7.1.3.2/lib/rails/templates/rails/welcome/index.html.erb
  Rendered /Users/chriswinkler/.rvm/rubies/ruby-3.3.0/lib/ruby/gems/3.3.0/gems/railties-7.1.3.2/lib/rails/templates/rails/welcome/index.html.erb (Duration: 1.3ms | Allocations: 374)
Completed 200 OK in 53ms (Views: 17.7ms | ActiveRecord: 0.0ms | Allocations: 7757)


Started GET "/" for 127.0.0.1 at 2024-03-20 09:12:32 -0600
  [1m[36mActiveRecord::SchemaMigration Load (0.4ms)[0m  [1m[34mSELECT "schema_migrations"."version" FROM "schema_migrations" ORDER BY "schema_migrations"."version" ASC[0m
Processing by Rails::WelcomeController#index as HTML
  Rendering /Users/chriswinkler/.rvm/rubies/ruby-3.3.0/lib/ruby/gems/3.3.0/gems/railties-7.1.3.2/lib/rails/templates/rails/welcome/index.html.erb
  Rendered /Users/chriswinkler/.rvm/rubies/ruby-3.3.0/lib/ruby/gems/3.3.0/gems/railties-7.1.3.2/lib/rails/templates/rails/welcome/index.html.erb (Duration: 0.8ms | Allocations: 374)
Completed 200 OK in 18ms (Views: 5.2ms | ActiveRecord: 0.0ms | Allocations: 4362)


Started GET "/home/index" for 127.0.0.1 at 2024-03-20 09:24:21 -0600
  [1m[36mActiveRecord::SchemaMigration Load (0.2ms)[0m  [1m[34mSELECT "schema_migrations"."version" FROM "schema_migrations" ORDER BY "schema_migrations"."version" ASC[0m
Processing by HomeController#index as HTML
  Rendering layout layouts/application.html.erb
  Rendering home/index.html.erb within layouts/application
  Rendered home/index.html.erb within layouts/application (Duration: 0.4ms | Allocations: 186)
  Rendered layout layouts/application.html.erb (Duration: 579.5ms | Allocations: 99370)
Completed 200 OK in 609ms (Views: 600.5ms | ActiveRecord: 0.0ms | Allocations: 103476)


Started GET "/" for 127.0.0.1 at 2024-03-20 09:25:30 -0600
Processing by HomeController#index as HTML
  Rendering layout layouts/application.html.erb
  Rendering home/index.html.erb within layouts/application
  Rendered home/index.html.erb within layouts/application (Duration: 0.3ms | Allocations: 99)
  Rendered layout layouts/application.html.erb (Duration: 29.3ms | Allocations: 18346)
Completed 200 OK in 33ms (Views: 31.6ms | ActiveRecord: 0.0ms | Allocations: 19266)


Started GET "/" for 127.0.0.1 at 2024-03-20 09:25:36 -0600
Processing by HomeController#index as HTML
  Rendering layout layouts/application.html.erb
  Rendering home/index.html.erb within layouts/application
  Rendered home/index.html.erb within layouts/application (Duration: 0.0ms | Allocations: 7)
  Rendered layout layouts/application.html.erb (Duration: 2.5ms | Allocations: 1256)
Completed 200 OK in 4ms (Views: 3.0ms | ActiveRecord: 0.0ms | Allocations: 1507)


Started GET "/" for 127.0.0.1 at 2024-03-20 11:50:11 -0600
Processing by HomeController#index as HTML
  Rendering layout layouts/application.html.erb
  Rendering home/index.html.erb within layouts/application
  Rendered home/index.html.erb within layouts/application (Duration: 0.5ms | Allocations: 106)
  Rendered layout layouts/application.html.erb (Duration: 22.8ms | Allocations: 16109)
Completed 200 OK in 27ms (Views: 25.8ms | ActiveRecord: 0.0ms | Allocations: 17029)


Started GET "/" for 127.0.0.1 at 2024-03-20 11:51:48 -0600
Processing by HomeController#index as HTML
  Rendering layout layouts/application.html.erb
  Rendering home/index.html.erb within layouts/application
  Rendered home/index.html.erb within layouts/application (Duration: 0.5ms | Allocations: 105)
  Rendered layout layouts/application.html.erb (Duration: 14.3ms | Allocations: 15904)
Completed 200 OK in 17ms (Views: 16.1ms | ActiveRecord: 0.0ms | Allocations: 16819)


Started GET "/" for 127.0.0.1 at 2024-03-20 11:55:19 -0600
Processing by HomeController#index as HTML
  Rendering layout layouts/application.html.erb
  Rendering home/index.html.erb within layouts/application
  Rendered home/index.html.erb within layouts/application (Duration: 0.3ms | Allocations: 95)
  Rendered layout layouts/application.html.erb (Duration: 22.1ms | Allocations: 16127)
Completed 200 OK in 25ms (Views: 24.1ms | ActiveRecord: 0.0ms | Allocations: 17045)


Started GET "/" for 127.0.0.1 at 2024-03-20 11:56:12 -0600
Processing by HomeController#index as HTML
  Rendering layout layouts/application.html.erb
  Rendering home/index.html.erb within layouts/application
  Rendered home/index.html.erb within layouts/application (Duration: 0.4ms | Allocations: 99)
  Rendered layout layouts/application.html.erb (Duration: 16.0ms | Allocations: 15974)
Completed 200 OK in 19ms (Views: 18.0ms | ActiveRecord: 0.0ms | Allocations: 16893)


Started GET "/" for 127.0.0.1 at 2024-03-20 11:56:26 -0600
Processing by HomeController#index as HTML
  Rendering layout layouts/application.html.erb
  Rendering home/index.html.erb within layouts/application
  Rendered home/index.html.erb within layouts/application (Duration: 0.4ms | Allocations: 94)
  Rendered layout layouts/application.html.erb (Duration: 14.1ms | Allocations: 15899)
Completed 200 OK in 17ms (Views: 16.1ms | ActiveRecord: 0.0ms | Allocations: 16816)


Started GET "/" for 127.0.0.1 at 2024-03-20 11:58:24 -0600
Processing by HomeController#index as HTML
  Rendering layout layouts/application.html.erb
  Rendering home/index.html.erb within layouts/application
  Rendered home/index.html.erb within layouts/application (Duration: 0.3ms | Allocations: 96)
  Rendered home/_header.html.erb (Duration: 0.4ms | Allocations: 96)
  Rendered layout layouts/application.html.erb (Duration: 17.0ms | Allocations: 16375)
Completed 200 OK in 20ms (Views: 18.8ms | ActiveRecord: 0.0ms | Allocations: 17295)


Started GET "/home/about" for 127.0.0.1 at 2024-03-20 11:58:31 -0600
  
ActionController::RoutingError (No route matches [GET] "/home/about"):
  
Started GET "/home/about" for 127.0.0.1 at 2024-03-20 11:59:16 -0600
  
ActionController::RoutingError (No route matches [GET] "/home/about"):
  
Started GET "/home/about" for 127.0.0.1 at 2024-03-20 12:00:10 -0600
  
ActionController::RoutingError (No route matches [GET] "/home/about"):
  
Started GET "/" for 127.0.0.1 at 2024-03-20 12:00:12 -0600
Processing by HomeController#index as HTML
  Rendering layout layouts/application.html.erb
  Rendering home/index.html.erb within layouts/application
  Rendered home/index.html.erb within layouts/application (Duration: 0.5ms | Allocations: 94)
  Rendered home/_header.html.erb (Duration: 0.5ms | Allocations: 127)
  Rendered layout layouts/application.html.erb (Duration: 17.2ms | Allocations: 16376)
Completed 200 OK in 20ms (Views: 19.1ms | ActiveRecord: 0.0ms | Allocations: 17249)


Started GET "/" for 127.0.0.1 at 2024-03-20 12:00:21 -0600
Processing by HomeController#index as HTML
  Rendering layout layouts/application.html.erb
  Rendering home/index.html.erb within layouts/application
  Rendered home/index.html.erb within layouts/application (Duration: 0.0ms | Allocations: 7)
  Rendered home/_header.html.erb (Duration: 0.0ms | Allocations: 9)
  Rendered layout layouts/application.html.erb (Duration: 2.2ms | Allocations: 1350)
Completed 200 OK in 3ms (Views: 2.6ms | ActiveRecord: 0.0ms | Allocations: 1597)


Started GET "/" for 127.0.0.1 at 2024-03-20 12:01:06 -0600
Processing by HomeController#index as HTML
  Rendering layout layouts/application.html.erb
  Rendering home/index.html.erb within layouts/application
  Rendered home/index.html.erb within layouts/application (Duration: 0.3ms | Allocations: 96)
  Rendered home/_header.html.erb (Duration: 0.5ms | Allocations: 169)
  Rendered layout layouts/application.html.erb (Duration: 16.6ms | Allocations: 16401)
Completed 200 OK in 19ms (Views: 18.2ms | ActiveRecord: 0.0ms | Allocations: 17321)


Started GET "/" for 127.0.0.1 at 2024-03-20 12:01:16 -0600
Processing by HomeController#index as HTML
  Rendering layout layouts/application.html.erb
  Rendering home/index.html.erb within layouts/application
  Rendered home/index.html.erb within layouts/application (Duration: 0.3ms | Allocations: 94)
  Rendered home/_header.html.erb (Duration: 0.4ms | Allocations: 159)
  Rendered layout layouts/application.html.erb (Duration: 15.7ms | Allocations: 16189)
Completed 200 OK in 19ms (Views: 17.4ms | ActiveRecord: 0.0ms | Allocations: 17107)


Started GET "/" for 127.0.0.1 at 2024-03-20 12:02:08 -0600
Processing by HomeController#index as HTML
  Rendering layout layouts/application.html.erb
  Rendering home/index.html.erb within layouts/application
  Rendered home/index.html.erb within layouts/application (Duration: 0.4ms | Allocations: 96)
  Rendered home/_header.html.erb (Duration: 0.4ms | Allocations: 110)
  Rendered layout layouts/application.html.erb (Duration: 18.4ms | Allocations: 16363)
Completed 200 OK in 21ms (Views: 20.3ms | ActiveRecord: 0.0ms | Allocations: 17283)


Started GET "/" for 127.0.0.1 at 2024-03-20 12:04:06 -0600
Processing by HomeController#index as HTML
  Rendering layout layouts/application.html.erb
  Rendering home/index.html.erb within layouts/application
  Rendered home/index.html.erb within layouts/application (Duration: 0.3ms | Allocations: 94)
  Rendered home/_header.html.erb (Duration: 0.6ms | Allocations: 221)
  Rendered layout layouts/application.html.erb (Duration: 16.7ms | Allocations: 16269)
Completed 200 OK in 19ms (Views: 18.3ms | ActiveRecord: 0.0ms | Allocations: 17188)


Started GET "/" for 127.0.0.1 at 2024-03-20 12:04:09 -0600
Processing by HomeController#index as HTML
  Rendering layout layouts/application.html.erb
  Rendering home/index.html.erb within layouts/application
  Rendered home/index.html.erb within layouts/application (Duration: 0.0ms | Allocations: 7)
  Rendered home/_header.html.erb (Duration: 0.1ms | Allocations: 40)
  Rendered layout layouts/application.html.erb (Duration: 2.2ms | Allocations: 1353)
Completed 200 OK in 3ms (Views: 2.5ms | ActiveRecord: 0.0ms | Allocations: 1601)


Started GET "/" for 127.0.0.1 at 2024-03-20 12:04:13 -0600
Processing by HomeController#index as HTML
  Rendering layout layouts/application.html.erb
  Rendering home/index.html.erb within layouts/application
  Rendered home/index.html.erb within layouts/application (Duration: 0.0ms | Allocations: 7)
  Rendered home/_header.html.erb (Duration: 0.1ms | Allocations: 40)
  Rendered layout layouts/application.html.erb (Duration: 2.4ms | Allocations: 1380)
Completed 200 OK in 4ms (Views: 3.0ms | ActiveRecord: 0.0ms | Allocations: 1628)


Started GET "/home/about" for 127.0.0.1 at 2024-03-20 12:04:47 -0600
Processing by HomeController#about as HTML
  Rendering layout layouts/application.html.erb
  Rendering home/about.html.erb within layouts/application
  Rendered home/about.html.erb within layouts/application (Duration: 0.3ms | Allocations: 94)
  Rendered home/_header.html.erb (Duration: 0.5ms | Allocations: 188)
  Rendered layout layouts/application.html.erb (Duration: 22.4ms | Allocations: 16493)
Completed 200 OK in 26ms (Views: 24.4ms | ActiveRecord: 0.0ms | Allocations: 17409)


Started GET "/" for 127.0.0.1 at 2024-03-20 12:04:49 -0600
Processing by HomeController#index as HTML
  Rendering layout layouts/application.html.erb
  Rendering home/index.html.erb within layouts/application
  Rendered home/index.html.erb within layouts/application (Duration: 0.4ms | Allocations: 90)
  Rendered home/_header.html.erb (Duration: 0.1ms | Allocations: 40)
  Rendered layout layouts/application.html.erb (Duration: 3.1ms | Allocations: 1455)
Completed 200 OK in 4ms (Views: 3.4ms | ActiveRecord: 0.0ms | Allocations: 1770)


Started GET "/" for 127.0.0.1 at 2024-03-20 12:05:52 -0600
Processing by HomeController#index as HTML
  Rendering layout layouts/application.html.erb
  Rendering home/index.html.erb within layouts/application
  Rendered home/index.html.erb within layouts/application (Duration: 0.3ms | Allocations: 94)
  Rendered home/_header.html.erb (Duration: 0.6ms | Allocations: 230)
  Rendered layout layouts/application.html.erb (Duration: 16.7ms | Allocations: 16367)
Completed 200 OK in 20ms (Views: 18.6ms | ActiveRecord: 0.0ms | Allocations: 17286)


Started GET "/" for 127.0.0.1 at 2024-03-20 12:05:52 -0600
Processing by HomeController#index as HTML
  Rendering layout layouts/application.html.erb
  Rendering home/index.html.erb within layouts/application
  Rendered home/index.html.erb within layouts/application (Duration: 0.0ms | Allocations: 7)
  Rendered home/_header.html.erb (Duration: 0.1ms | Allocations: 60)
  Rendered layout layouts/application.html.erb (Duration: 2.3ms | Allocations: 1388)
Completed 200 OK in 3ms (Views: 2.6ms | ActiveRecord: 0.0ms | Allocations: 1636)


Started GET "/home/about" for 127.0.0.1 at 2024-03-20 12:05:53 -0600
Processing by HomeController#about as HTML
  Rendering layout layouts/application.html.erb
  Rendering home/about.html.erb within layouts/application
  Rendered home/about.html.erb within layouts/application (Duration: 0.3ms | Allocations: 88)
  Rendered home/_header.html.erb (Duration: 0.2ms | Allocations: 60)
  Rendered layout layouts/application.html.erb (Duration: 2.8ms | Allocations: 1459)
Completed 200 OK in 4ms (Views: 3.2ms | ActiveRecord: 0.0ms | Allocations: 1773)


Started GET "/" for 127.0.0.1 at 2024-03-20 12:05:54 -0600
Processing by HomeController#index as HTML
  Rendering layout layouts/application.html.erb
  Rendering home/index.html.erb within layouts/application
  Rendered home/index.html.erb within layouts/application (Duration: 0.1ms | Allocations: 7)
  Rendered home/_header.html.erb (Duration: 0.1ms | Allocations: 60)
  Rendered layout layouts/application.html.erb (Duration: 2.3ms | Allocations: 1388)
Completed 200 OK in 3ms (Views: 2.7ms | ActiveRecord: 0.0ms | Allocations: 1636)


Started GET "/home/about" for 127.0.0.1 at 2024-03-20 12:05:54 -0600
Processing by HomeController#about as HTML
  Rendering layout layouts/application.html.erb
  Rendering home/about.html.erb within layouts/application
  Rendered home/about.html.erb within layouts/application (Duration: 0.0ms | Allocations: 7)
  Rendered home/_header.html.erb (Duration: 0.1ms | Allocations: 60)
  Rendered layout layouts/application.html.erb (Duration: 2.5ms | Allocations: 1382)
Completed 200 OK in 4ms (Views: 3.0ms | ActiveRecord: 0.0ms | Allocations: 1630)


Started GET "/home/about" for 127.0.0.1 at 2024-03-20 12:15:32 -0600
  [1m[36mActiveRecord::SchemaMigration Load (0.1ms)[0m  [1m[34mSELECT "schema_migrations"."version" FROM "schema_migrations" ORDER BY "schema_migrations"."version" ASC[0m

ActiveRecord::PendingMigrationError - Migrations are pending. To resolve this issue, run:
        bin/rails db:migrate
You have 1 pending migration:
db/migrate/20240320181303_create_friends.rb:

Started POST "/__better_errors/e4226bd66808868d/variables" for 127.0.0.1 at 2024-03-20 12:15:32 -0600
  [1m[36mActiveRecord::InternalMetadata Load (0.2ms)[0m  [1m[34mSELECT * FROM "ar_internal_metadata" WHERE "ar_internal_metadata"."key" = ? ORDER BY "ar_internal_metadata"."key" ASC LIMIT 1[0m  [[nil, "environment"]]
  [1m[36mActiveRecord::InternalMetadata Create (0.7ms)[0m  [1m[32mINSERT INTO "ar_internal_metadata" ("key", "value", "created_at", "updated_at") VALUES ('environment', 'development', '2024-03-20 18:15:55.380912', '2024-03-20 18:15:55.380915') RETURNING "key"[0m
  [1m[36mActiveRecord::SchemaMigration Load (0.1ms)[0m  [1m[34mSELECT "schema_migrations"."version" FROM "schema_migrations" ORDER BY "schema_migrations"."version" ASC[0m
Migrating to CreateFriends (20240320181303)
  [1m[36mTRANSACTION (0.1ms)[0m  [1m[36mbegin transaction[0m
  [1m[35m (1.1ms)[0m  [1m[35mCREATE TABLE "friends" ("id" integer PRIMARY KEY AUTOINCREMENT NOT NULL, "first_name" varchar, "last_name" varchar, "email" varchar, "phone" varchar, "handle" varchar, "created_at" datetime(6) NOT NULL, "updated_at" datetime(6) NOT NULL)[0m
  [1m[36mActiveRecord::SchemaMigration Create (0.1ms)[0m  [1m[32mINSERT INTO "schema_migrations" ("version") VALUES ('20240320181303') RETURNING "version"[0m
  [1m[36mTRANSACTION (0.2ms)[0m  [1m[36mcommit transaction[0m
  [1m[36mActiveRecord::SchemaMigration Load (0.1ms)[0m  [1m[34mSELECT "schema_migrations"."version" FROM "schema_migrations" ORDER BY "schema_migrations"."version" ASC[0m
Started GET "/home/about" for 127.0.0.1 at 2024-03-20 12:15:57 -0600
  [1m[36mActiveRecord::SchemaMigration Load (0.1ms)[0m  [1m[34mSELECT "schema_migrations"."version" FROM "schema_migrations" ORDER BY "schema_migrations"."version" ASC[0m
Processing by HomeController#about as HTML
  Rendering layout layouts/application.html.erb
  Rendering home/about.html.erb within layouts/application
  Rendered home/about.html.erb within layouts/application (Duration: 0.3ms | Allocations: 96)
  Rendered home/_header.html.erb (Duration: 0.6ms | Allocations: 225)
  Rendered layout layouts/application.html.erb (Duration: 16.0ms | Allocations: 16478)
Completed 200 OK in 19ms (Views: 17.7ms | ActiveRecord: 0.0ms | Allocations: 17395)


Started GET "/friends/new" for 127.0.0.1 at 2024-03-20 12:17:14 -0600
Processing by FriendsController#new as HTML
  Rendering layout layouts/application.html.erb
  Rendering friends/new.html.erb within layouts/application
  Rendered friends/_form.html.erb (Duration: 9.4ms | Allocations: 2924)
  Rendered friends/new.html.erb within layouts/application (Duration: 10.7ms | Allocations: 3212)
  Rendered home/_header.html.erb (Duration: 0.1ms | Allocations: 46)
  Rendered layout layouts/application.html.erb (Duration: 13.4ms | Allocations: 4422)
Completed 200 OK in 64ms (Views: 14.9ms | ActiveRecord: 2.7ms | Allocations: 23648)


Started POST "/friends" for 127.0.0.1 at 2024-03-20 12:17:40 -0600
Processing by FriendsController#create as TURBO_STREAM
  Parameters: {"authenticity_token"=>"[FILTERED]", "friend"=>{"first_name"=>"Chris", "last_name"=>"Winkler", "email"=>"rchrisw4@gmail.com", "phone"=>"444-444-4444", "handle"=>"Procyon"}, "commit"=>"Create Friend"}
  [1m[36mTRANSACTION (0.1ms)[0m  [1m[36mbegin transaction[0m
  ↳ app/controllers/friends_controller.rb:27:in `block in create'
  [1m[36mFriend Create (1.1ms)[0m  [1m[32mINSERT INTO "friends" ("first_name", "last_name", "email", "phone", "handle", "created_at", "updated_at") VALUES (?, ?, ?, ?, ?, ?, ?) RETURNING "id"[0m  [["first_name", "Chris"], ["last_name", "Winkler"], ["email", "rchrisw4@gmail.com"], ["phone", "444-444-4444"], ["handle", "Procyon"], ["created_at", "2024-03-20 18:17:40.868861"], ["updated_at", "2024-03-20 18:17:40.868861"]]
  ↳ app/controllers/friends_controller.rb:27:in `block in create'
  [1m[36mTRANSACTION (0.7ms)[0m  [1m[36mcommit transaction[0m
  ↳ app/controllers/friends_controller.rb:27:in `block in create'
Redirected to http://127.0.0.1:3000/friends/1
Completed 302 Found in 6ms (ActiveRecord: 1.8ms | Allocations: 3509)


Started GET "/friends/1" for 127.0.0.1 at 2024-03-20 12:17:40 -0600
Processing by FriendsController#show as TURBO_STREAM
  Parameters: {"id"=>"1"}
  [1m[36mFriend Load (0.1ms)[0m  [1m[34mSELECT "friends".* FROM "friends" WHERE "friends"."id" = ? LIMIT ?[0m  [["id", 1], ["LIMIT", 1]]
  ↳ app/controllers/friends_controller.rb:63:in `set_friend'
  Rendering layout layouts/application.html.erb
  Rendering friends/show.html.erb within layouts/application
  Rendered friends/_friend.html.erb (Duration: 0.5ms | Allocations: 260)
  Rendered friends/show.html.erb within layouts/application (Duration: 4.0ms | Allocations: 1325)
  Rendered home/_header.html.erb (Duration: 0.1ms | Allocations: 46)
  Rendered layout layouts/application.html.erb (Duration: 6.2ms | Allocations: 2513)
Completed 200 OK in 28ms (Views: 6.6ms | ActiveRecord: 0.1ms | Allocations: 7974)


Started GET "/home/about" for 127.0.0.1 at 2024-03-20 12:17:44 -0600
Processing by HomeController#about as HTML
  Rendering layout layouts/application.html.erb
  Rendering home/about.html.erb within layouts/application
  Rendered home/about.html.erb within layouts/application (Duration: 0.0ms | Allocations: 7)
  Rendered home/_header.html.erb (Duration: 0.2ms | Allocations: 60)
  Rendered layout layouts/application.html.erb (Duration: 2.7ms | Allocations: 1393)
Completed 200 OK in 4ms (Views: 3.2ms | ActiveRecord: 0.0ms | Allocations: 1637)


Started GET "/home/about" for 127.0.0.1 at 2024-03-20 12:17:47 -0600
Processing by HomeController#about as HTML
  Rendering layout layouts/application.html.erb
  Rendering home/about.html.erb within layouts/application
  Rendered home/about.html.erb within layouts/application (Duration: 0.0ms | Allocations: 7)
  Rendered home/_header.html.erb (Duration: 0.4ms | Allocations: 60)
  Rendered layout layouts/application.html.erb (Duration: 2.9ms | Allocations: 1387)
Completed 200 OK in 4ms (Views: 3.4ms | ActiveRecord: 0.0ms | Allocations: 1632)


Started GET "/friends/new" for 127.0.0.1 at 2024-03-20 12:17:52 -0600
Processing by FriendsController#new as HTML
  Rendering layout layouts/application.html.erb
  Rendering friends/new.html.erb within layouts/application
  Rendered friends/_form.html.erb (Duration: 1.9ms | Allocations: 1283)
  Rendered friends/new.html.erb within layouts/application (Duration: 2.1ms | Allocations: 1362)
  Rendered home/_header.html.erb (Duration: 0.1ms | Allocations: 46)
  Rendered layout layouts/application.html.erb (Duration: 3.9ms | Allocations: 2554)
Completed 200 OK in 5ms (Views: 4.3ms | ActiveRecord: 0.0ms | Allocations: 2815)


Started GET "/friends" for 127.0.0.1 at 2024-03-20 12:18:02 -0600
Processing by FriendsController#index as HTML
  Rendering layout layouts/application.html.erb
  Rendering friends/index.html.erb within layouts/application
  [1m[36mFriend Load (0.1ms)[0m  [1m[34mSELECT "friends".* FROM "friends"[0m
  ↳ app/views/friends/index.html.erb:6
  Rendered friends/_friend.html.erb (Duration: 0.1ms | Allocations: 25)
  Rendered friends/index.html.erb within layouts/application (Duration: 1.9ms | Allocations: 1036)
  Rendered home/_header.html.erb (Duration: 0.1ms | Allocations: 46)
  Rendered layout layouts/application.html.erb (Duration: 4.0ms | Allocations: 2229)
Completed 200 OK in 5ms (Views: 4.3ms | ActiveRecord: 0.1ms | Allocations: 2577)


Started GET "/friends/new" for 127.0.0.1 at 2024-03-20 12:18:04 -0600
Processing by FriendsController#new as HTML
  Rendering layout layouts/application.html.erb
  Rendering friends/new.html.erb within layouts/application
  Rendered friends/_form.html.erb (Duration: 1.6ms | Allocations: 1274)
  Rendered friends/new.html.erb within layouts/application (Duration: 1.9ms | Allocations: 1353)
  Rendered home/_header.html.erb (Duration: 0.1ms | Allocations: 46)
  Rendered layout layouts/application.html.erb (Duration: 5.4ms | Allocations: 2545)
Completed 200 OK in 6ms (Views: 5.8ms | ActiveRecord: 0.0ms | Allocations: 2813)


Started POST "/friends" for 127.0.0.1 at 2024-03-20 12:18:27 -0600
Processing by FriendsController#create as TURBO_STREAM
  Parameters: {"authenticity_token"=>"[FILTERED]", "friend"=>{"first_name"=>"Alex", "last_name"=>"Winkler", "email"=>"awinkler5657@gmail.com", "phone"=>"123-456-7890", "handle"=>"Winkleberg"}, "commit"=>"Create Friend"}
  [1m[36mTRANSACTION (0.0ms)[0m  [1m[36mbegin transaction[0m
  ↳ app/controllers/friends_controller.rb:27:in `block in create'
  [1m[36mFriend Create (0.6ms)[0m  [1m[32mINSERT INTO "friends" ("first_name", "last_name", "email", "phone", "handle", "created_at", "updated_at") VALUES (?, ?, ?, ?, ?, ?, ?) RETURNING "id"[0m  [["first_name", "Alex"], ["last_name", "Winkler"], ["email", "awinkler5657@gmail.com"], ["phone", "123-456-7890"], ["handle", "Winkleberg"], ["created_at", "2024-03-20 18:18:27.720912"], ["updated_at", "2024-03-20 18:18:27.720912"]]
  ↳ app/controllers/friends_controller.rb:27:in `block in create'
  [1m[36mTRANSACTION (0.1ms)[0m  [1m[36mcommit transaction[0m
  ↳ app/controllers/friends_controller.rb:27:in `block in create'
Redirected to http://127.0.0.1:3000/friends/2
Completed 302 Found in 3ms (ActiveRecord: 0.8ms | Allocations: 2010)


Started GET "/friends/2" for 127.0.0.1 at 2024-03-20 12:18:27 -0600
Processing by FriendsController#show as TURBO_STREAM
  Parameters: {"id"=>"2"}
  [1m[36mFriend Load (0.1ms)[0m  [1m[34mSELECT "friends".* FROM "friends" WHERE "friends"."id" = ? LIMIT ?[0m  [["id", 2], ["LIMIT", 1]]
  ↳ app/controllers/friends_controller.rb:63:in `set_friend'
  Rendering layout layouts/application.html.erb
  Rendering friends/show.html.erb within layouts/application
  Rendered friends/_friend.html.erb (Duration: 0.0ms | Allocations: 25)
  Rendered friends/show.html.erb within layouts/application (Duration: 0.7ms | Allocations: 483)
  Rendered home/_header.html.erb (Duration: 0.1ms | Allocations: 46)
  Rendered layout layouts/application.html.erb (Duration: 2.1ms | Allocations: 1672)
Completed 200 OK in 3ms (Views: 2.4ms | ActiveRecord: 0.1ms | Allocations: 2297)


Started GET "/friends/2/edit" for 127.0.0.1 at 2024-03-20 12:18:29 -0600
Processing by FriendsController#edit as HTML
  Parameters: {"id"=>"2"}
  [1m[36mFriend Load (0.1ms)[0m  [1m[34mSELECT "friends".* FROM "friends" WHERE "friends"."id" = ? LIMIT ?[0m  [["id", 2], ["LIMIT", 1]]
  ↳ app/controllers/friends_controller.rb:63:in `set_friend'
  Rendering layout layouts/application.html.erb
  Rendering friends/edit.html.erb within layouts/application
  Rendered friends/_form.html.erb (Duration: 2.0ms | Allocations: 1339)
  Rendered friends/edit.html.erb within layouts/application (Duration: 2.5ms | Allocations: 1592)
  Rendered home/_header.html.erb (Duration: 0.1ms | Allocations: 46)
  Rendered layout layouts/application.html.erb (Duration: 4.0ms | Allocations: 2780)
Completed 200 OK in 6ms (Views: 4.3ms | ActiveRecord: 0.1ms | Allocations: 3478)


Started GET "/friends" for 127.0.0.1 at 2024-03-20 12:18:32 -0600
Processing by FriendsController#index as HTML
  Rendering layout layouts/application.html.erb
  Rendering friends/index.html.erb within layouts/application
  [1m[36mFriend Load (0.1ms)[0m  [1m[34mSELECT "friends".* FROM "friends"[0m
  ↳ app/views/friends/index.html.erb:6
  Rendered friends/_friend.html.erb (Duration: 0.1ms | Allocations: 25)
  Rendered friends/_friend.html.erb (Duration: 0.0ms | Allocations: 24)
  Rendered friends/index.html.erb within layouts/application (Duration: 1.6ms | Allocations: 891)
  Rendered home/_header.html.erb (Duration: 0.1ms | Allocations: 46)
  Rendered layout layouts/application.html.erb (Duration: 3.5ms | Allocations: 2084)
Completed 200 OK in 4ms (Views: 3.8ms | ActiveRecord: 0.1ms | Allocations: 2336)


Started GET "/friends/1" for 127.0.0.1 at 2024-03-20 12:18:43 -0600
Processing by FriendsController#show as HTML
  Parameters: {"id"=>"1"}
  [1m[36mFriend Load (0.1ms)[0m  [1m[34mSELECT "friends".* FROM "friends" WHERE "friends"."id" = ? LIMIT ?[0m  [["id", 1], ["LIMIT", 1]]
  ↳ app/controllers/friends_controller.rb:63:in `set_friend'
  Rendering layout layouts/application.html.erb
  Rendering friends/show.html.erb within layouts/application
  Rendered friends/_friend.html.erb (Duration: 0.1ms | Allocations: 25)
  Rendered friends/show.html.erb within layouts/application (Duration: 0.9ms | Allocations: 445)
  Rendered home/_header.html.erb (Duration: 0.1ms | Allocations: 46)
  Rendered layout layouts/application.html.erb (Duration: 2.9ms | Allocations: 1633)
Completed 200 OK in 5ms (Views: 3.3ms | ActiveRecord: 0.1ms | Allocations: 2254)


Started GET "/friends/1" for 127.0.0.1 at 2024-03-20 12:20:48 -0600
Processing by FriendsController#show as HTML
  Parameters: {"id"=>"1"}
  [1m[36mFriend Load (0.1ms)[0m  [1m[34mSELECT "friends".* FROM "friends" WHERE "friends"."id" = ? LIMIT ?[0m  [["id", 1], ["LIMIT", 1]]
  ↳ app/controllers/friends_controller.rb:63:in `set_friend'
  Rendering layout layouts/application.html.erb
  Rendering friends/show.html.erb within layouts/application
  Rendered friends/_friend.html.erb (Duration: 0.4ms | Allocations: 256)
  Rendered friends/show.html.erb within layouts/application (Duration: 2.1ms | Allocations: 1082)
  Rendered home/_header.html.erb (Duration: 0.6ms | Allocations: 234)
  Rendered layout layouts/application.html.erb (Duration: 19.5ms | Allocations: 17262)
Completed 200 OK in 31ms (Views: 21.3ms | ActiveRecord: 2.6ms | Allocations: 23709)


Started GET "/friends" for 127.0.0.1 at 2024-03-20 12:20:49 -0600
Processing by FriendsController#index as HTML
  Rendering layout layouts/application.html.erb
  Rendering friends/index.html.erb within layouts/application
  [1m[36mFriend Load (0.2ms)[0m  [1m[34mSELECT "friends".* FROM "friends"[0m
  ↳ app/views/friends/index.html.erb:6
  Rendered friends/_friend.html.erb (Duration: 0.1ms | Allocations: 25)
  Rendered friends/_friend.html.erb (Duration: 0.0ms | Allocations: 24)
  Rendered friends/index.html.erb within layouts/application (Duration: 2.7ms | Allocations: 1175)
  Rendered home/_header.html.erb (Duration: 0.1ms | Allocations: 66)
  Rendered layout layouts/application.html.erb (Duration: 4.9ms | Allocations: 2388)
Completed 200 OK in 6ms (Views: 5.2ms | ActiveRecord: 0.1ms | Allocations: 2737)


Started GET "/friends/1" for 127.0.0.1 at 2024-03-20 12:20:54 -0600
Processing by FriendsController#show as HTML
  Parameters: {"id"=>"1"}
  [1m[36mFriend Load (0.1ms)[0m  [1m[34mSELECT "friends".* FROM "friends" WHERE "friends"."id" = ? LIMIT ?[0m  [["id", 1], ["LIMIT", 1]]
  ↳ app/controllers/friends_controller.rb:63:in `set_friend'
  Rendering layout layouts/application.html.erb
  Rendering friends/show.html.erb within layouts/application
  Rendered friends/_friend.html.erb (Duration: 0.1ms | Allocations: 25)
  Rendered friends/show.html.erb within layouts/application (Duration: 0.8ms | Allocations: 454)
  Rendered home/_header.html.erb (Duration: 0.1ms | Allocations: 66)
  Rendered layout layouts/application.html.erb (Duration: 2.7ms | Allocations: 1662)
Completed 200 OK in 4ms (Views: 3.0ms | ActiveRecord: 0.1ms | Allocations: 2283)


Started GET "/friends" for 127.0.0.1 at 2024-03-20 12:22:00 -0600
Processing by FriendsController#index as HTML
  Rendering layout layouts/application.html.erb
  Rendering friends/index.html.erb within layouts/application
  [1m[36mFriend Load (0.1ms)[0m  [1m[34mSELECT "friends".* FROM "friends"[0m
  ↳ app/views/friends/index.html.erb:6
  Rendered friends/_friend.html.erb (Duration: 0.6ms | Allocations: 256)
  Rendered friends/_friend.html.erb (Duration: 0.0ms | Allocations: 24)
  Rendered friends/index.html.erb within layouts/application (Duration: 8.3ms | Allocations: 5292)
  Rendered home/_header.html.erb (Duration: 0.8ms | Allocations: 277)
  Rendered layout layouts/application.html.erb (Duration: 24.8ms | Allocations: 21536)
Completed 200 OK in 30ms (Views: 24.5ms | ActiveRecord: 2.5ms | Allocations: 23271)


Started GET "/friends/new" for 127.0.0.1 at 2024-03-20 12:22:00 -0600
Processing by FriendsController#new as HTML
  Rendering layout layouts/application.html.erb
  Rendering friends/new.html.erb within layouts/application
  Rendered friends/_form.html.erb (Duration: 3.1ms | Allocations: 1759)
  Rendered friends/new.html.erb within layouts/application (Duration: 4.1ms | Allocations: 2037)
  Rendered home/_header.html.erb (Duration: 0.1ms | Allocations: 86)
  Rendered layout layouts/application.html.erb (Duration: 6.1ms | Allocations: 3269)
Completed 200 OK in 7ms (Views: 6.5ms | ActiveRecord: 0.0ms | Allocations: 3609)


Started GET "/friends/new" for 127.0.0.1 at 2024-03-20 12:22:12 -0600
Processing by FriendsController#new as HTML
  Rendering layout layouts/application.html.erb
  Rendering friends/new.html.erb within layouts/application
  Rendered friends/_form.html.erb (Duration: 2.6ms | Allocations: 1831)
  Rendered friends/new.html.erb within layouts/application (Duration: 3.5ms | Allocations: 2120)
  Rendered home/_header.html.erb (Duration: 1.6ms | Allocations: 1377)
  Rendered layout layouts/application.html.erb (Duration: 30.3ms | Allocations: 19424)
Completed 500 Internal Server Error in 40ms (ActiveRecord: 2.7ms | Allocations: 24761)



NameError - undefined local variable or method `new_friends_path' for an instance of #<Class:0x000000012e676900>:
  app/views/home/_header.html.erb:16
  app/views/layouts/application.html.erb:16

Started POST "/__better_errors/8da9c22b0078b76d/variables" for 127.0.0.1 at 2024-03-20 12:22:12 -0600
Started GET "/friends/1" for 127.0.0.1 at 2024-03-20 12:22:22 -0600
Processing by FriendsController#show as HTML
  Parameters: {"id"=>"1"}
  [1m[36mFriend Load (0.1ms)[0m  [1m[34mSELECT "friends".* FROM "friends" WHERE "friends"."id" = ? LIMIT ?[0m  [["id", 1], ["LIMIT", 1]]
  ↳ app/controllers/friends_controller.rb:63:in `set_friend'
  Rendering layout layouts/application.html.erb
  Rendering friends/show.html.erb within layouts/application
  Rendered friends/_friend.html.erb (Duration: 0.5ms | Allocations: 256)
  Rendered friends/show.html.erb within layouts/application (Duration: 2.5ms | Allocations: 1092)
  Rendered home/_header.html.erb (Duration: 0.7ms | Allocations: 278)
  Rendered layout layouts/application.html.erb (Duration: 23.6ms | Allocations: 17227)
Completed 200 OK in 35ms (Views: 25.9ms | ActiveRecord: 2.5ms | Allocations: 23723)


Started GET "/friends/new" for 127.0.0.1 at 2024-03-20 12:22:23 -0600
Processing by FriendsController#new as HTML
  Rendering layout layouts/application.html.erb
  Rendering friends/new.html.erb within layouts/application
  Rendered friends/_form.html.erb (Duration: 3.2ms | Allocations: 1744)
  Rendered friends/new.html.erb within layouts/application (Duration: 4.4ms | Allocations: 2022)
  Rendered home/_header.html.erb (Duration: 0.1ms | Allocations: 86)
  Rendered layout layouts/application.html.erb (Duration: 6.5ms | Allocations: 3259)
Completed 200 OK in 8ms (Views: 6.9ms | ActiveRecord: 0.0ms | Allocations: 3598)


Started GET "/friends" for 127.0.0.1 at 2024-03-20 16:18:02 -0600
Processing by FriendsController#index as HTML
  Rendering layout layouts/application.html.erb
  Rendering friends/index.html.erb within layouts/application
  [1m[36mFriend Load (2.7ms)[0m  [1m[34mSELECT "friends".* FROM "friends"[0m
  ↳ app/views/friends/index.html.erb:6
  Rendered friends/_friend.html.erb (Duration: 0.1ms | Allocations: 25)
  Rendered friends/_friend.html.erb (Duration: 0.0ms | Allocations: 24)
  Rendered friends/index.html.erb within layouts/application (Duration: 4.9ms | Allocations: 1403)
  Rendered home/_header.html.erb (Duration: 0.2ms | Allocations: 86)
  Rendered layout layouts/application.html.erb (Duration: 8.2ms | Allocations: 2637)
Completed 200 OK in 11ms (Views: 5.0ms | ActiveRecord: 3.6ms | Allocations: 2986)


Started GET "/home/about" for 127.0.0.1 at 2024-03-20 16:18:02 -0600
Processing by HomeController#about as HTML
  Rendering layout layouts/application.html.erb
  Rendering home/about.html.erb within layouts/application
  Rendered home/about.html.erb within layouts/application (Duration: 0.4ms | Allocations: 88)
  Rendered home/_header.html.erb (Duration: 0.2ms | Allocations: 106)
  Rendered layout layouts/application.html.erb (Duration: 2.8ms | Allocations: 1523)
Completed 200 OK in 5ms (Views: 4.0ms | ActiveRecord: 0.0ms | Allocations: 1986)


Started GET "/" for 127.0.0.1 at 2024-03-20 16:18:03 -0600
Processing by HomeController#index as HTML
  Rendering layout layouts/application.html.erb
  Rendering home/index.html.erb within layouts/application
  Rendered home/index.html.erb within layouts/application (Duration: 0.7ms | Allocations: 90)
  Rendered home/_header.html.erb (Duration: 0.2ms | Allocations: 100)
  Rendered layout layouts/application.html.erb (Duration: 3.4ms | Allocations: 1506)
Completed 200 OK in 5ms (Views: 4.0ms | ActiveRecord: 0.0ms | Allocations: 1816)


Started GET "/home/about" for 127.0.0.1 at 2024-03-20 16:18:04 -0600
Processing by HomeController#about as HTML
  Rendering layout layouts/application.html.erb
  Rendering home/about.html.erb within layouts/application
  Rendered home/about.html.erb within layouts/application (Duration: 0.0ms | Allocations: 7)
  Rendered home/_header.html.erb (Duration: 0.2ms | Allocations: 100)
  Rendered layout layouts/application.html.erb (Duration: 2.7ms | Allocations: 1430)
Completed 200 OK in 4ms (Views: 3.1ms | ActiveRecord: 0.0ms | Allocations: 1674)


Started GET "/friends" for 127.0.0.1 at 2024-03-20 16:18:05 -0600
Processing by FriendsController#index as HTML
  Rendering layout layouts/application.html.erb
  Rendering friends/index.html.erb within layouts/application
  [1m[36mFriend Load (0.1ms)[0m  [1m[34mSELECT "friends".* FROM "friends"[0m
  ↳ app/views/friends/index.html.erb:6
  Rendered friends/_friend.html.erb (Duration: 0.1ms | Allocations: 25)
  Rendered friends/_friend.html.erb (Duration: 0.0ms | Allocations: 24)
  Rendered friends/index.html.erb within layouts/application (Duration: 1.7ms | Allocations: 876)
  Rendered home/_header.html.erb (Duration: 0.2ms | Allocations: 86)
  Rendered layout layouts/application.html.erb (Duration: 3.7ms | Allocations: 2109)
Completed 200 OK in 5ms (Views: 4.0ms | ActiveRecord: 0.1ms | Allocations: 2363)


Started GET "/friends/new" for 127.0.0.1 at 2024-03-20 16:18:06 -0600
Processing by FriendsController#new as HTML
  Rendering layout layouts/application.html.erb
  Rendering friends/new.html.erb within layouts/application
  Rendered friends/_form.html.erb (Duration: 1.6ms | Allocations: 1271)
  Rendered friends/new.html.erb within layouts/application (Duration: 1.9ms | Allocations: 1350)
  Rendered home/_header.html.erb (Duration: 0.1ms | Allocations: 86)
  Rendered layout layouts/application.html.erb (Duration: 3.9ms | Allocations: 2582)
Completed 200 OK in 5ms (Views: 4.3ms | ActiveRecord: 0.0ms | Allocations: 2845)


Started GET "/friends" for 127.0.0.1 at 2024-03-20 16:18:07 -0600
Processing by FriendsController#index as HTML
  Rendering layout layouts/application.html.erb
  Rendering friends/index.html.erb within layouts/application
  [1m[36mFriend Load (0.1ms)[0m  [1m[34mSELECT "friends".* FROM "friends"[0m
  ↳ app/views/friends/index.html.erb:6
  Rendered friends/_friend.html.erb (Duration: 0.1ms | Allocations: 25)
  Rendered friends/_friend.html.erb (Duration: 0.0ms | Allocations: 24)
  Rendered friends/index.html.erb within layouts/application (Duration: 5.6ms | Allocations: 903)
  Rendered home/_header.html.erb (Duration: 0.1ms | Allocations: 86)
  Rendered layout layouts/application.html.erb (Duration: 7.6ms | Allocations: 2142)
Completed 200 OK in 8ms (Views: 7.8ms | ActiveRecord: 0.1ms | Allocations: 2397)


Started GET "/friends/new" for 127.0.0.1 at 2024-03-20 16:18:33 -0600
Processing by FriendsController#new as HTML
  Rendering layout layouts/application.html.erb
  Rendering friends/new.html.erb within layouts/application
  Rendered friends/_form.html.erb (Duration: 1.8ms | Allocations: 1259)
  Rendered friends/new.html.erb within layouts/application (Duration: 2.0ms | Allocations: 1338)
  Rendered home/_header.html.erb (Duration: 0.2ms | Allocations: 86)
  Rendered layout layouts/application.html.erb (Duration: 4.0ms | Allocations: 2570)
Completed 200 OK in 5ms (Views: 4.4ms | ActiveRecord: 0.0ms | Allocations: 2834)


Started GET "/friends" for 127.0.0.1 at 2024-03-21 09:39:49 -0600
Processing by FriendsController#index as HTML
  Rendering layout layouts/application.html.erb
  Rendering friends/index.html.erb within layouts/application
  [1m[36mFriend Load (2.5ms)[0m  [1m[34mSELECT "friends".* FROM "friends"[0m
  ↳ app/views/friends/index.html.erb:6
  Rendered friends/_friend.html.erb (Duration: 0.1ms | Allocations: 25)
  Rendered friends/_friend.html.erb (Duration: 0.0ms | Allocations: 24)
  Rendered friends/index.html.erb within layouts/application (Duration: 4.1ms | Allocations: 1184)
  Rendered home/_header.html.erb (Duration: 0.2ms | Allocations: 86)
  Rendered layout layouts/application.html.erb (Duration: 6.8ms | Allocations: 2423)
Completed 200 OK in 8ms (Views: 3.9ms | ActiveRecord: 3.3ms | Allocations: 2679)


Started GET "/friends/new" for 127.0.0.1 at 2024-03-21 09:39:49 -0600
Processing by FriendsController#new as HTML
  Rendering layout layouts/application.html.erb
  Rendering friends/new.html.erb within layouts/application
  Rendered friends/_form.html.erb (Duration: 1.7ms | Allocations: 1262)
  Rendered friends/new.html.erb within layouts/application (Duration: 2.0ms | Allocations: 1341)
  Rendered home/_header.html.erb (Duration: 0.2ms | Allocations: 86)
  Rendered layout layouts/application.html.erb (Duration: 5.7ms | Allocations: 2573)
Completed 200 OK in 7ms (Views: 6.1ms | ActiveRecord: 0.0ms | Allocations: 2836)


Started GET "/friends" for 127.0.0.1 at 2024-03-21 09:39:50 -0600
Processing by FriendsController#index as HTML
  Rendering layout layouts/application.html.erb
  Rendering friends/index.html.erb within layouts/application
  [1m[36mFriend Load (0.1ms)[0m  [1m[34mSELECT "friends".* FROM "friends"[0m
  ↳ app/views/friends/index.html.erb:6
  Rendered friends/_friend.html.erb (Duration: 0.1ms | Allocations: 25)
  Rendered friends/_friend.html.erb (Duration: 0.0ms | Allocations: 24)
  Rendered friends/index.html.erb within layouts/application (Duration: 1.5ms | Allocations: 882)
  Rendered home/_header.html.erb (Duration: 0.1ms | Allocations: 86)
  Rendered layout layouts/application.html.erb (Duration: 3.6ms | Allocations: 2115)
Completed 200 OK in 4ms (Views: 3.8ms | ActiveRecord: 0.1ms | Allocations: 2369)


Started GET "/home/about" for 127.0.0.1 at 2024-03-21 09:39:50 -0600
Processing by HomeController#about as HTML
  Rendering layout layouts/application.html.erb
  Rendering home/about.html.erb within layouts/application
  Rendered home/about.html.erb within layouts/application (Duration: 0.0ms | Allocations: 7)
  Rendered home/_header.html.erb (Duration: 0.2ms | Allocations: 100)
  Rendered layout layouts/application.html.erb (Duration: 2.2ms | Allocations: 1430)
Completed 200 OK in 3ms (Views: 2.6ms | ActiveRecord: 0.0ms | Allocations: 1674)


Started GET "/" for 127.0.0.1 at 2024-03-21 09:39:51 -0600
Processing by HomeController#index as HTML
  Rendering layout layouts/application.html.erb
  Rendering home/index.html.erb within layouts/application
  Rendered home/index.html.erb within layouts/application (Duration: 0.0ms | Allocations: 7)
  Rendered home/_header.html.erb (Duration: 0.2ms | Allocations: 100)
  Rendered layout layouts/application.html.erb (Duration: 2.5ms | Allocations: 1439)
Completed 200 OK in 4ms (Views: 3.1ms | ActiveRecord: 0.0ms | Allocations: 1683)


Started GET "/home/about" for 127.0.0.1 at 2024-03-21 09:39:52 -0600
Processing by HomeController#about as HTML
  Rendering layout layouts/application.html.erb
  Rendering home/about.html.erb within layouts/application
  Rendered home/about.html.erb within layouts/application (Duration: 0.0ms | Allocations: 7)
  Rendered home/_header.html.erb (Duration: 0.2ms | Allocations: 100)
  Rendered layout layouts/application.html.erb (Duration: 2.5ms | Allocations: 1454)
Completed 200 OK in 3ms (Views: 2.9ms | ActiveRecord: 0.0ms | Allocations: 1698)


Started GET "/friends" for 127.0.0.1 at 2024-03-21 09:39:53 -0600
Processing by FriendsController#index as HTML
  Rendering layout layouts/application.html.erb
  Rendering friends/index.html.erb within layouts/application
  [1m[36mFriend Load (0.1ms)[0m  [1m[34mSELECT "friends".* FROM "friends"[0m
  ↳ app/views/friends/index.html.erb:6
  Rendered friends/_friend.html.erb (Duration: 0.1ms | Allocations: 25)
  Rendered friends/_friend.html.erb (Duration: 0.0ms | Allocations: 24)
  Rendered friends/index.html.erb within layouts/application (Duration: 1.6ms | Allocations: 876)
  Rendered home/_header.html.erb (Duration: 0.1ms | Allocations: 86)
  Rendered layout layouts/application.html.erb (Duration: 3.6ms | Allocations: 2109)
Completed 200 OK in 4ms (Views: 3.9ms | ActiveRecord: 0.1ms | Allocations: 2363)


Started GET "/friends/new" for 127.0.0.1 at 2024-03-21 09:39:53 -0600
Processing by FriendsController#new as HTML
  Rendering layout layouts/application.html.erb
  Rendering friends/new.html.erb within layouts/application
  Rendered friends/_form.html.erb (Duration: 1.6ms | Allocations: 1268)
  Rendered friends/new.html.erb within layouts/application (Duration: 1.8ms | Allocations: 1347)
  Rendered home/_header.html.erb (Duration: 0.1ms | Allocations: 86)
  Rendered layout layouts/application.html.erb (Duration: 3.8ms | Allocations: 2579)
Completed 200 OK in 5ms (Views: 4.1ms | ActiveRecord: 0.0ms | Allocations: 2842)


Started GET "/friends" for 127.0.0.1 at 2024-03-21 09:39:54 -0600
Processing by FriendsController#index as HTML
  Rendering layout layouts/application.html.erb
  Rendering friends/index.html.erb within layouts/application
  [1m[36mFriend Load (0.1ms)[0m  [1m[34mSELECT "friends".* FROM "friends"[0m
  ↳ app/views/friends/index.html.erb:6
  Rendered friends/_friend.html.erb (Duration: 0.1ms | Allocations: 25)
  Rendered friends/_friend.html.erb (Duration: 0.0ms | Allocations: 24)
  Rendered friends/index.html.erb within layouts/application (Duration: 1.6ms | Allocations: 891)
  Rendered home/_header.html.erb (Duration: 0.2ms | Allocations: 86)
  Rendered layout layouts/application.html.erb (Duration: 4.9ms | Allocations: 2124)
Completed 200 OK in 6ms (Views: 5.2ms | ActiveRecord: 0.1ms | Allocations: 2378)


Started GET "/home/about" for 127.0.0.1 at 2024-03-21 09:39:54 -0600
Processing by HomeController#about as HTML
  Rendering layout layouts/application.html.erb
  Rendering home/about.html.erb within layouts/application
  Rendered home/about.html.erb within layouts/application (Duration: 0.0ms | Allocations: 7)
  Rendered home/_header.html.erb (Duration: 0.2ms | Allocations: 100)
  Rendered layout layouts/application.html.erb (Duration: 2.5ms | Allocations: 1442)
Completed 200 OK in 4ms (Views: 3.0ms | ActiveRecord: 0.0ms | Allocations: 1686)


Started GET "/friends" for 127.0.0.1 at 2024-03-21 09:39:55 -0600
Processing by FriendsController#index as HTML
  Rendering layout layouts/application.html.erb
  Rendering friends/index.html.erb within layouts/application
  [1m[36mFriend Load (0.1ms)[0m  [1m[34mSELECT "friends".* FROM "friends"[0m
  ↳ app/views/friends/index.html.erb:6
  Rendered friends/_friend.html.erb (Duration: 0.1ms | Allocations: 25)
  Rendered friends/_friend.html.erb (Duration: 0.0ms | Allocations: 24)
  Rendered friends/index.html.erb within layouts/application (Duration: 1.6ms | Allocations: 894)
  Rendered home/_header.html.erb (Duration: 0.2ms | Allocations: 86)
  Rendered layout layouts/application.html.erb (Duration: 3.6ms | Allocations: 2127)
Completed 200 OK in 5ms (Views: 4.0ms | ActiveRecord: 0.1ms | Allocations: 2381)


Started GET "/friends/new" for 127.0.0.1 at 2024-03-21 09:39:55 -0600
Processing by FriendsController#new as HTML
  Rendering layout layouts/application.html.erb
  Rendering friends/new.html.erb within layouts/application
  Rendered friends/_form.html.erb (Duration: 1.6ms | Allocations: 1256)
  Rendered friends/new.html.erb within layouts/application (Duration: 1.8ms | Allocations: 1335)
  Rendered home/_header.html.erb (Duration: 0.2ms | Allocations: 86)
  Rendered layout layouts/application.html.erb (Duration: 4.0ms | Allocations: 2567)
Completed 200 OK in 5ms (Views: 4.5ms | ActiveRecord: 0.0ms | Allocations: 2830)


Started GET "/friends" for 127.0.0.1 at 2024-03-21 09:40:01 -0600
Processing by FriendsController#index as HTML
  Rendering layout layouts/application.html.erb
  Rendering friends/index.html.erb within layouts/application
  [1m[36mFriend Load (0.1ms)[0m  [1m[34mSELECT "friends".* FROM "friends"[0m
  ↳ app/views/friends/index.html.erb:6
  Rendered friends/_friend.html.erb (Duration: 0.1ms | Allocations: 25)
  Rendered friends/_friend.html.erb (Duration: 0.1ms | Allocations: 24)
  Rendered friends/index.html.erb within layouts/application (Duration: 4.3ms | Allocations: 882)
  Rendered home/_header.html.erb (Duration: 0.2ms | Allocations: 86)
  Rendered layout layouts/application.html.erb (Duration: 6.6ms | Allocations: 2121)
Completed 200 OK in 8ms (Views: 6.9ms | ActiveRecord: 0.1ms | Allocations: 2376)


Started GET "/friends/new" for 127.0.0.1 at 2024-03-21 09:40:03 -0600
Processing by FriendsController#new as HTML
  Rendering layout layouts/application.html.erb
  Rendering friends/new.html.erb within layouts/application
  Rendered friends/_form.html.erb (Duration: 2.2ms | Allocations: 1271)
  Rendered friends/new.html.erb within layouts/application (Duration: 2.4ms | Allocations: 1350)
  Rendered home/_header.html.erb (Duration: 0.1ms | Allocations: 86)
  Rendered layout layouts/application.html.erb (Duration: 4.5ms | Allocations: 2582)
Completed 200 OK in 5ms (Views: 4.8ms | ActiveRecord: 0.0ms | Allocations: 2845)


